MSMS 2.6.1 started on jingzhendeMacBook-Air.local
Copyright M.F. Sanner (1994)
Compilation flags -O3 -DVERBOSE -DTIMING -DFUNCPROTO -force_cpusubtype_ALL  -arch ppc -arch i686
INPUT  test_proteins/1ajj.xyzr 519 spheres 0 collision only, radii  0.225 to  2.275
PARAM  Probe_radius  1.400 density  5.000 hdensity  3.000
REDUCED SURFACE ...
    RS component 0 identified 4 3 6
    0 free edge(s) found in component 0
    RS component  #faces  #edges #free_edges  #vertices   genus
         0         684     1026          0        297      23.5
    Time Reduced Surface real: 0.02 user: 0.02 sys: 0.00
ANALYTICAL SOLVENT EXCLUDED SURFACE...
    Component   0
        Time Surface real: 0.00 user: 0.00 sys: 0.00
        Time Singularities real: 0.00 user: 0.00 sys: 0.00
    SES comp.  #fac.  #edg. #s_edg. #vert. #s_vert. R_h C_h genus
         0     2071   4155     21    2086       32   0   0    0
ANALYTICAL SURFACE AREA :
    Comp. probe_radius,   reent,    toric,   contact    SES       SAS
      0       1.400     418.510   887.048   870.736  2176.295  2864.672
TRIANGULATION...
    Component 0
WARNING: geodesic which intersects odd number of edges
    component#, vertices,  edges,  faces, genus, density
        0          10781   32337   21558    0     4.954
        Time Triangulation real: 0.06 user: 0.06 sys: 0.00
NUMERICAL VOLUMES AND AREA
    Comp. probe_radius SES_volume SES_area)
       0      1.40     4645.487   2155.711
    Total ses_volume:  4645.487
MSMS terminated normally
Total Time real: 0.19 user: 0.14 sys: 0.01
